<?xml version="1.0" encoding="UTF-8"?>
<!-- Generated by org.testng.reporters.JUnitReportReporter -->
<testsuite hostname="Karthi" failures="0" tests="2" name="toDoMVCScripts.VerifyFilteringToDoStatus" time="0.363" errors="0" timestamp="2022-06-20T12:48:00 IST" skipped="0">
  <testcase classname="toDoMVCScripts.VerifyFilteringToDoStatus" name="validateFooterForCompleteaddedItem" time="0.182"/>
  <system-out>
    <![CDATA[Entering into validate the footer for completed item in List
Footer count of completed item is diplayed as 1
Completed validating the footer for completed item in List]]>
  </system-out>
  <testcase classname="toDoMVCScripts.VerifyFilteringToDoStatus" name="validateFooterForActiveaddedItem" time="0.181"/>
  <system-out>
    <![CDATA[Entering into validate the footer for Active item in List
Footer count of Active item is diplayed as 1
Completed validating the footer for Active item in List]]>
  </system-out>
</testsuite> <!-- toDoMVCScripts.VerifyFilteringToDoStatus -->
