<?xml version="1.0" encoding="UTF-8"?>
<!-- Generated by org.testng.reporters.JUnitReportReporter -->
<testsuite hostname="Karthi" failures="0" tests="1" name="toDoMVCScripts.VerifyRemoveToDoTask" time="0.396" errors="0" timestamp="2022-06-20T12:48:00 IST" skipped="0">
  <testcase classname="toDoMVCScripts.VerifyRemoveToDoTask" name="removeAddedTask" time="0.396"/>
  <system-out>
    <![CDATA[Entering into validate the removed item is not present in List
Removed item is not present in List
Completed validating the removed item is not present in List]]>
  </system-out>
</testsuite> <!-- toDoMVCScripts.VerifyRemoveToDoTask -->
