<?xml version="1.0" encoding="UTF-8"?>
<!-- Generated by org.testng.reporters.JUnitReportReporter -->
<testsuite hostname="Karthi" failures="0" tests="2" name="toDoMVCScripts.VerifyMarkAsCompleteToDoTask" time="0.247" errors="0" timestamp="2022-06-20T12:48:00 IST" skipped="0">
  <testcase classname="toDoMVCScripts.VerifyMarkAsCompleteToDoTask" name="completeaddedItem" time="0.205"/>
  <system-out>
    <![CDATA[Entering into validate the added item is marked as completed item in List
Added item is marked as completed item in List
Completed validating the added item is marked as completed item in List]]>
  </system-out>
  <testcase classname="toDoMVCScripts.VerifyMarkAsCompleteToDoTask" name="validateFooterCount" time="0.042"/>
  <system-out>
    <![CDATA[Entering into validate the footer after marking an item as completed item in List
Footer count of is displayed as 0 after marking an item as completed item in List
Completed validating the footer after marking an item as completed item in List]]>
  </system-out>
</testsuite> <!-- toDoMVCScripts.VerifyMarkAsCompleteToDoTask -->
