<?xml version="1.0" encoding="UTF-8"?>
<!-- Generated by org.testng.reporters.JUnitReportReporter -->
<testsuite hostname="Karthi" failures="0" tests="1" name="toDoMVCScripts.VerifyAddedToDoList" time="0.083" errors="0" timestamp="2022-06-20T12:48:00 IST" skipped="0">
  <testcase classname="toDoMVCScripts.VerifyAddedToDoList" name="verifyAddItem" time="0.083"/>
  <system-out>
    <![CDATA[Entering into validate the added item in List
Drink Water is added in List
Completed validating the added item in List]]>
  </system-out>
</testsuite> <!-- toDoMVCScripts.VerifyAddedToDoList -->
